*** Using Compiler 'V6.19', folder: 'D:\software\Keil\Core\ARM\ARMCLANG\Bin'
Rebuild target 'feeding_system'
assembling startup_stm32f103xb.s...
compiling gpio.c...
compiling feeding.c...
compiling stm32f1xx_hal_msp.c...
compiling stm32f1xx_it.c...
compiling i2c.c...
compiling usart.c...
compiling stm32f1xx_hal_gpio_ex.c...
compiling stm32f1xx_hal_rcc_ex.c...
compiling stm32f1xx_hal_gpio.c...
compiling stm32f1xx_hal.c...
../Core/Src/main.c(208): warning: passing 'uint8_t[200]' (aka 'unsigned char[200]') to parameter of type 'const char *' converts between pointers to integer types where one is of the unique plain 'char' type and the other is not [-Wpointer-sign]
    if (strstr(usart1_rx_buffer, "CLOSED")!=NULL) {
               ^~~~~~~~~~~~~~~~
D:\software\Keil\Core\ARM\ARMCLANG\Bin\..\include\string.h(270): note: passing argument to parameter here
extern _ARMABI char *strstr(const char * /*s1*/, const char * /*s2*/) __attribute__((__nonnull__(1,2)));
                                               ^
../Core/Src/main.c(214): warning: passing 'uint8_t[200]' (aka 'unsigned char[200]') to parameter of type 'char *' converts between pointers to integer types where one is of the unique plain 'char' type and the other is not [-Wpointer-sign]
      parseAndProcessCommand(usart1_rx_buffer);
                             ^~~~~~~~~~~~~~~~
../Core/Src/main.c(78): note: passing argument to parameter 'command' here
void parseAndProcessCommand(char *command);
                                  ^
2 warnings generated.
compiling main.c...
compiling stm32f1xx_hal_dma.c...
compiling stm32f1xx_hal_rcc.c...
compiling stm32f1xx_hal_cortex.c...
compiling stm32f1xx_hal_flash.c...
compiling stm32f1xx_hal_pwr.c...
compiling stm32f1xx_hal_tim.c...
compiling cpu.c...
compiling idle.c...
compiling components.c...
compiling clock.c...
compiling stm32f1xx_hal_tim_ex.c...
compiling system_stm32f1xx.c...
compiling stm32f1xx_hal_exti.c...
compiling ipc.c...
compiling irq.c...
compiling stm32f1xx_hal_flash_ex.c...
assembling context_rvds.S...
compiling memheap.c...
compiling mem.c...
compiling mempool.c...
compiling stm32f1xx_hal_i2c.c...
compiling slab.c...
compiling object.c...
compiling scheduler.c...
compiling cpuport.c...
compiling finsh_port.c...
compiling thread.c...
compiling timer.c...
compiling board.c...
compiling stm32f1xx_hal_uart.c...
compiling kservice.c...
compiling cmd.c...
compiling shell.c...
compiling msh.c...
linking...
Program Size: Code=27012 RO-data=2180 RW-data=60 ZI-data=18564  
FromELF: creating hex file...
"feeding_system\feeding_system.axf" - 0 Error(s), 2 Warning(s).
Build Time Elapsed:  00:00:03
