*** Using Compiler 'V6.19', folder: 'D:\software\Keil\Core\ARM\ARMCLANG\Bin'
Rebuild target 'feeding_system'
Note: source file '../Middlewares/Third_Party/RealThread_RTOS/src/timer.c' - object file renamed from 'feeding_system\timer.o' to 'feeding_system\timer_1.o'.assembling startup_stm32f103xb.s...
compiling gpio.c...
compiling feeding.c...
compiling stm32f1xx_hal_msp.c...
compiling stm32f1xx_it.c...
compiling data_structure.c...
compiling i2c.c...
compiling stm32f1xx_hal_gpio_ex.c...
compiling usart.c...
../Core/Src/timer.c(58): warning: 'sizeof (plans)' will return the size of the pointer, not the array itself [-Wsizeof-pointer-div]
    for (int i=0;i<sizeof(plans)/sizeof(Plan);i++){
                   ~~~~~~~~~~~~~^
../Core/Src/timer.h(8): note: pointer 'plans' declared here
Plan *plans=NULL;
      ^
1 warning generated.
compiling timer.c...
compiling stm32f1xx_hal.c...
compiling flash.c...
compiling main.c...
compiling stm32f1xx_hal_rcc_ex.c...
compiling stm32f1xx_hal_rcc.c...
compiling stm32f1xx_hal_dma.c...
compiling stm32f1xx_hal_tim.c...
compiling system_stm32f1xx.c...
compiling stm32f1xx_hal_tim_ex.c...
compiling stm32f1xx_hal_cortex.c...
compiling stm32f1xx_hal_gpio.c...
compiling stm32f1xx_hal_exti.c...
compiling stm32f1xx_hal_flash.c...
compiling stm32f1xx_hal_pwr.c...
compiling stm32f1xx_hal_flash_ex.c...
compiling cJSON.c...
compiling cpu.c...
assembling context_rvds.S...
compiling clock.c...
compiling components.c...
compiling memheap.c...
compiling irq.c...
compiling mempool.c...
compiling idle.c...
compiling stm32f1xx_hal_i2c.c...
compiling ipc.c...
compiling object.c...
compiling mem.c...
compiling stm32f1xx_hal_uart.c...
compiling slab.c...
compiling cpuport.c...
compiling scheduler.c...
compiling finsh_port.c...
compiling timer.c...
compiling thread.c...
compiling board.c...
compiling kservice.c...
compiling shell.c...
compiling cmd.c...
compiling msh.c...
linking...
Program Size: Code=44876 RO-data=2620 RW-data=72 ZI-data=19600  
FromELF: creating hex file...
"feeding_system\feeding_system.axf" - 0 Error(s), 1 Warning(s).
Build Time Elapsed:  00:00:03
