*** Using Compiler 'V6.19', folder: 'D:\software\Keil\Core\ARM\ARMCLANG\Bin'
Rebuild target 'feeding_system'
Note: source file '../Middlewares/Third_Party/RealThread_RTOS/src/timer.c' - object file renamed from 'feeding_system\timer.o' to 'feeding_system\timer_1.o'.compiling globals.c...
compiling stm32f1xx_it.c...
compiling stm32f1xx_hal_msp.c...
compiling stm32f1xx_hal_gpio_ex.c...
compiling feeding.c...
compiling i2c.c...
compiling timer.c...
compiling stm32f1xx_hal.c...
compiling data_structure.c...
compiling gpio.c...
compiling usart.c...
compiling esp01s.c...
assembling startup_stm32f103xb.s...
compiling main.c...
compiling stm32f1xx_hal_cortex.c...
compiling stm32f1xx_hal_rcc.c...
compiling stm32f1xx_hal_pwr.c...
compiling stm32f1xx_hal_tim_ex.c...
compiling stm32f1xx_hal_gpio.c...
compiling stm32f1xx_hal_tim.c...
compiling stm32f1xx_hal_rcc_ex.c...
compiling system_stm32f1xx.c...
compiling stm32f1xx_hal_exti.c...
compiling stm32f1xx_hal_flash_ex.c...
compiling stm32f1xx_hal_dma.c...
compiling stm32f1xx_hal_flash.c...
compiling clock.c...
assembling context_rvds.S...
compiling cpu.c...
compiling components.c...
compiling idle.c...
compiling irq.c...
compiling memheap.c...
compiling ipc.c...
compiling slab.c...
compiling mempool.c...
compiling mem.c...
compiling object.c...
compiling scheduler.c...
compiling thread.c...
compiling cpuport.c...
compiling timer.c...
compiling finsh_port.c...
compiling board.c...
compiling stm32f1xx_hal_i2c.c...
compiling stm32f1xx_hal_uart.c...
compiling shell.c...
compiling cmd.c...
compiling msh.c...
compiling kservice.c...
linking...
Program Size: Code=32260 RO-data=2800 RW-data=68 ZI-data=18612  
FromELF: creating hex file...
"feeding_system\feeding_system.axf" - 0 Error(s), 0 Warning(s).
Build Time Elapsed:  00:00:03
